    0.102 D <> Log initialized.
    0.102 D MultiMC 5, (c) 2013-2021 MultiMC Contributors
    0.102 D Version                    :  "0.6.12-1530"
    0.102 D Git commit                 :  "464b05f6bfe286bfde28685e3ce3fdf97af9b089"
    0.102 D Git refspec                :  "refs/heads/stable"
    0.102 D Work dir before adjustment :  "D:/Repos/MultiMC-RAWR/MultiMC"
    0.102 D Work dir after adjustment  :  "D:/Repos/MultiMC-RAWR/MultiMC"
    0.102 D Adjusted by                :  "Fallback to binary path D:/Repos/MultiMC-RAWR/MultiMC"
    0.102 D Binary path                :  "D:/Repos/MultiMC-RAWR/MultiMC"
    0.102 D Application root path      :  "D:/Repos/MultiMC-RAWR/MultiMC"
    0.102 D <> Paths set.
    0.104 D Detected default console font: "Courier" , substitutions: ""
    0.104 D <> Settings loaded.
    0.105 W Selected invalid language "" , defaulting to "en"
    0.105 D Your language is ""
    0.105 D <> Translations loaded.
    0.105 D <> Updater started.
    0.105 D Started watching  "D:/Repos/MultiMC-RAWR/MultiMC/icons"
    0.106 D <> Instance icons intialized.
    0.106 D <> Icon themes initialized.
    0.106 D ""
    0.106 D Loading theme "custom"
    0.106 D <> Widget themes initialized.
    0.106 D Instance path              :  "instances"
    0.106 D Loading Instances...
    0.106 D Discovering instances in "D:/Repos/MultiMC-RAWR/MultiMC/instances"
    0.106 D <> Instances loaded.
    0.107 D Loading accounts...
    0.107 C "Failed to read the account list file (accounts.json)."
    0.107 D <> Accounts loaded.
    0.107 D <> Cache initialized.
    0.107 D Detecting proxy settings...
    0.107 D Using no proxy is an option!
    0.107 D <> Proxy settings done.
    0.107 D Downloading Translations Index...
    0.107 D Task "NetJob(Translations Index)" starting for the first time
    0.110 D <> Icon theme set.
    0.110 D <> Application theme set.
    0.145 D Analytics info not seen by user yet (or old version).
    0.226 D Downloading  "https://files.multimc.org/translations/index_v2.json"
    0.450 D Dir changed: "D:/Repos/MultiMC-RAWR/MultiMC/translations"
    1.060 D Download succeeded: "https://files.multimc.org/translations/index_v2.json"
    1.060 D Task "NetJob(Translations Index)" succeeded
    1.060 D Got translations index!
    1.060 D Dir changed: "D:/Repos/MultiMC-RAWR/MultiMC/translations"
    1.127 D Dir changed: "D:/Repos/MultiMC-RAWR/MultiMC/translations"
    3.127 D Task "JavaListLoadTask(0x4119d40)" starting for the first time
    3.127 D Probing the following Java paths: 
    3.127 D   "C:/Program Files/AdoptOpenJDK/jre-8.0.282.8-hotspot/bin/javaw.exe"
    3.127 D   "C:/Program Files/Java/jre8/bin/javaw.exe"
    3.127 D   "C:/Program Files/Java/jre7/bin/javaw.exe"
    3.127 D   "C:/Program Files/Java/jre6/bin/javaw.exe"
    3.127 D   "C:/Program Files (x86)/Java/jre8/bin/javaw.exe"
    3.127 D   "C:/Program Files (x86)/Java/jre7/bin/javaw.exe"
    3.127 D   "C:/Program Files (x86)/Java/jre6/bin/javaw.exe"
    3.127 D   "javaw"
    3.127 D Task "JavaCheckerJob(0x4119d08)" starting for the first time
    3.127 D "Java detection"  started.
    3.127 D Env: ignoring "JAVA_HOME" "C:\\Program Files\\AdoptOpenJDK\\jre-8.0.282.8-hotspot\\"
    3.127 D "Running java checker: C:/Program Files/AdoptOpenJDK/jre-8.0.282.8-hotspot/bin/javaw.exe-jar D:/Repos/MultiMC-RAWR/MultiMC/jars/JavaCheck.jar"
    3.129 D Env: ignoring "JAVA_HOME" "C:\\Program Files\\AdoptOpenJDK\\jre-8.0.282.8-hotspot\\"
    3.129 D "Running java checker: C:/Program Files/Java/jre8/bin/javaw.exe-jar D:/Repos/MultiMC-RAWR/MultiMC/jars/JavaCheck.jar"
    3.130 D Java checker has failed to start.
    3.130 D "Java detection" progress: 1 / 8
    3.130 D Env: ignoring "JAVA_HOME" "C:\\Program Files\\AdoptOpenJDK\\jre-8.0.282.8-hotspot\\"
    3.130 D "Running java checker: C:/Program Files/Java/jre7/bin/javaw.exe-jar D:/Repos/MultiMC-RAWR/MultiMC/jars/JavaCheck.jar"
    3.130 D Java checker has failed to start.
    3.130 D "Java detection" progress: 2 / 8
    3.130 D Env: ignoring "JAVA_HOME" "C:\\Program Files\\AdoptOpenJDK\\jre-8.0.282.8-hotspot\\"
    3.130 D "Running java checker: C:/Program Files/Java/jre6/bin/javaw.exe-jar D:/Repos/MultiMC-RAWR/MultiMC/jars/JavaCheck.jar"
    3.130 D Java checker has failed to start.
    3.130 D "Java detection" progress: 3 / 8
    3.130 D Env: ignoring "JAVA_HOME" "C:\\Program Files\\AdoptOpenJDK\\jre-8.0.282.8-hotspot\\"
    3.130 D "Running java checker: C:/Program Files (x86)/Java/jre8/bin/javaw.exe-jar D:/Repos/MultiMC-RAWR/MultiMC/jars/JavaCheck.jar"
    3.130 D Java checker has failed to start.
    3.130 D "Java detection" progress: 4 / 8
    3.130 D Env: ignoring "JAVA_HOME" "C:\\Program Files\\AdoptOpenJDK\\jre-8.0.282.8-hotspot\\"
    3.130 D "Running java checker: C:/Program Files (x86)/Java/jre7/bin/javaw.exe-jar D:/Repos/MultiMC-RAWR/MultiMC/jars/JavaCheck.jar"
    3.131 D Java checker has failed to start.
    3.131 D "Java detection" progress: 5 / 8
    3.131 D Env: ignoring "JAVA_HOME" "C:\\Program Files\\AdoptOpenJDK\\jre-8.0.282.8-hotspot\\"
    3.131 D "Running java checker: C:/Program Files (x86)/Java/jre6/bin/javaw.exe-jar D:/Repos/MultiMC-RAWR/MultiMC/jars/JavaCheck.jar"
    3.131 D Java checker has failed to start.
    3.131 D "Java detection" progress: 6 / 8
    3.131 D Env: ignoring "JAVA_HOME" "C:\\Program Files\\AdoptOpenJDK\\jre-8.0.282.8-hotspot\\"
    3.131 D "Running java checker: javaw-jar D:/Repos/MultiMC-RAWR/MultiMC/jars/JavaCheck.jar"
    3.183 D STDOUT "os.arch=amd64\njava.version=1.8.0_282\njava.vendor=AdoptOpenJDK\n"
    3.183 W STDERR ""
    3.183 D Java checker finished with status  QProcess::ExitStatus(NormalExit)  exit code  0
    3.183 D Java checker succeeded.
    3.183 D "Java detection" progress: 7 / 8
    3.184 D STDOUT "os.arch=amd64\njava.version=1.8.0_282\njava.vendor=AdoptOpenJDK\n"
    3.184 W STDERR ""
    3.184 D Java checker finished with status  QProcess::ExitStatus(NormalExit)  exit code  0
    3.184 D Java checker succeeded.
    3.184 D "Java detection" progress: 8 / 8
    3.184 D Task "JavaCheckerJob(0x4119d08)" succeeded
    3.184 D Found the following valid Java installations:
    3.184 D   "1.8.0_282" "64" "C:/Program Files/AdoptOpenJDK/jre-8.0.282.8-hotspot/bin/javaw.exe"
    3.184 D   "1.8.0_282" "64" "javaw"
    3.184 D Task "JavaListLoadTask(0x4119d40)" succeeded
    3.186 D Env: ignoring "JAVA_HOME" "C:\\Program Files\\AdoptOpenJDK\\jre-8.0.282.8-hotspot\\"
    3.186 D "Running java checker: javaw-Xms512m -Xmx1024m -jar D:/Repos/MultiMC-RAWR/MultiMC/jars/JavaCheck.jar"
    3.241 D STDOUT "os.arch=amd64\njava.version=1.8.0_282\njava.vendor=AdoptOpenJDK\n"
    3.241 W STDERR ""
    3.241 D Java checker finished with status  QProcess::ExitStatus(NormalExit)  exit code  0
    3.241 D Java checker succeeded.
   12.856 D Analytics enabled by user.
   12.859 D Wizard result = 1
   12.872 W QMetaObject::connectSlotsByName: No matching signal for on_actionInstanceSettings_triggered()
   12.873 D Task "NetJob(Status JSON)" starting for the first time
   12.874 D Reloading news.
   12.874 D Task "NetJob(News RSS Feed)" starting for the first time
   12.874 D Checking for updates.
   12.874 D Channel list isn't loaded yet. Loading channel list and deferring update check.
   12.874 D Loading the channel list.
   12.874 D Task "NetJob(Update System Channel List)" starting for the first time
   12.874 D Task "NetJob(Checking for notifications)" starting for the first time
   12.884 D Viewport size "800x600"
   12.885 D RAM size is 32694 MB
   12.885 D [Analytics] "ScreenView: Main Window"
   12.885 D <> Main window shown.
   12.897 D Downloading  "https://status.mojang.com/check"
   12.897 D Downloading  "https://multimc.org/rss.xml"
   12.897 D Downloading  "https://files.multimc.org/update/win32/channels.json"
   12.897 D Downloading  "https://files.multimc.org/notifications.json"
   13.125 D Download succeeded: "https://files.multimc.org/update/win32/channels.json"
   13.125 D Task "NetJob(Update System Channel List)" succeeded
   13.125 D Successfully loaded UpdateChecker channel list.
   13.125 D Checking for updates.
   13.125 D m_repoUrl =  "http://files.multimc.org/update/win32/stable/"
   13.125 D Task "NetJob(GoUpdate Repository Index)" starting for the first time
   13.125 D Downloading  "http://files.multimc.org/update/win32/stable/index.json"
   13.130 D Download succeeded: "https://status.mojang.com/check"
   13.130 D Task "NetJob(Status JSON)" succeeded
   13.130 D Finished loading status JSON.
   13.130 D Status loading succeeded.
   13.301 D Location header: QUrl("https://files.multimc.org/update/win32/stable/index.json")
   13.301 D Following redirect to  "https://files.multimc.org/update/win32/stable/index.json"
   13.301 D Downloading  "https://files.multimc.org/update/win32/stable/index.json"
   13.301 D Download redirected: "https://files.multimc.org/update/win32/stable/index.json"
   13.478 D Download succeeded: "https://files.multimc.org/notifications.json"
   13.511 D Task "NetJob(Checking for notifications)" succeeded
   13.663 D Download succeeded: "https://files.multimc.org/update/win32/stable/index.json"
   13.663 D Task "NetJob(GoUpdate Repository Index)" succeeded
   13.663 D Finished downloading repo index. Checking for new versions.
   13.663 D Processing repository version list.
   13.754 D Download succeeded: "https://multimc.org/rss.xml"
   13.754 D Task "NetJob(News RSS Feed)" succeeded
   13.754 D Finished loading RSS feed.
   13.754 D Loaded news entry "0.6.12 - Spring cleaning and modpack platforms"
   13.755 D Loaded news entry "About Microsoft accounts"
   13.755 D Loaded news entry "0.6.7 - UI fixes and important metadata news - update required!"
   13.755 D Loaded news entry "0.6.5 - translation UI and legacy sound fixes"
   13.755 D Loaded news entry "0.6.4 - better translation workflow and new FTB API location"
   13.755 D Loaded news entry "0.6.3 - The Big Sync"
   13.755 D Loaded news entry "0.6.2 Released!"
   13.755 D Loaded news entry "0.6.1 Released!"
   13.755 D Loaded news entry "0.6.0 Released!"
   13.755 D Loaded news entry "Introducing the Archive"
   13.755 D Loaded news entry "0.5.1 - Bugfixes."
   13.755 D Loaded news entry "0.5.0 - Running multiple instances at the same time!"
   13.755 D Loaded news entry "0.4.11 - OSX 10.7 fix and workaround for Minecraft 1.9 compatibility"
   13.755 D Loaded news entry "0.4.10 - Another wifi fix"
   13.755 D Loaded news entry "0.4.9 - the Windows wifi fix."
   13.755 D Loaded news entry "0.4.8 - Worlds and more."
   13.755 D Loaded news entry "0.4.7 - What 0.4.6 should have been."
   13.755 D Loaded news entry "0.4.6 - Bug fixes and improvements!"
   13.755 D Loaded news entry "0.4.5 - Translations, Themes, and Technic"
   13.755 D Loaded news entry "0.4 out - Jar mods, UI changes, and more!"
   13.755 D Loaded news entry "Introducing QuickMods - A better way to install mods"
   13.755 D Loaded news entry "Support us on Patreon!"
   13.755 D Loaded news entry "Heartbleed Vulnerability Update (fixed!)"
   13.755 D Loaded news entry "Announcing MultiMC 6"
   13.755 D Loaded news entry "0.3 - The big feature update."
   13.755 D Loaded news entry "First official MultiMC 5 release!"
   13.755 D Loaded news entry "MultiMC Status Update"
   13.755 D News loading succeeded.
   15.181 D Selected index 0 channel id "stable"
   25.764 D Paged dialog close requested
   25.764 D Analytics enabled by user.
   25.764 D Detecting proxy settings...
   25.764 D Using no proxy is an option!
   25.764 D Paged dialog close approved
   25.764 D Paged dialog geometry saved
   25.792 D Discovering instances in "D:/Repos/MultiMC-RAWR/MultiMC/instances"
   29.134 D Selected index 0 channel id "stable"
   33.903 D Paged dialog close requested
   34.008 D Analytics enabled by user.
   34.008 D Detecting proxy settings...
   34.008 D Using no proxy is an option!
   34.008 D Paged dialog close approved
   34.008 D Paged dialog geometry saved
   34.042 D Discovering instances in "D:/Repos/MultiMC-RAWR/MultiMC/instances"
